<?xml version="1.0" encoding="UTF-8"?>
<!-- Generated by org.testng.reporters.JUnitReportReporter -->
<testsuite hostname="VAPW10000000181" name="com.phoenix.edu.PageCount20" tests="1" failures="0" timestamp="4 Oct 2016 05:48:01 GMT" time="261.739" errors="0">
  <testcase name="checkMultiplePage" time="261.739" classname="com.phoenix.edu.PageCount20"/>
</testsuite> <!-- com.phoenix.edu.PageCount20 -->
