<?xml version="1.0" encoding="UTF-8"?>
<!-- Generated by org.testng.reporters.JUnitReportReporter -->
<testsuite hostname="VAPW10000000181" name="com.phoenix.edu.Im4java" tests="1" failures="0" timestamp="22 Sep 2016 09:30:38 GMT" time="29.532" errors="0">
  <testcase name="compareImage" time="29.532" classname="com.phoenix.edu.Im4java"/>
</testsuite> <!-- com.phoenix.edu.Im4java -->
