<?xml version="1.0" encoding="UTF-8"?>
<!-- Generated by org.testng.reporters.JUnitReportReporter -->
<testsuite hostname="VAPW10000000181" name="com.phoenix.edu.VideoRecording" tests="1" failures="0" timestamp="21 Oct 2016 18:10:10 GMT" time="14.066" errors="0">
  <testcase name="videoRecording" time="14.066" classname="com.phoenix.edu.VideoRecording"/>
</testsuite> <!-- com.phoenix.edu.VideoRecording -->
