<?xml version="1.0" encoding="UTF-8"?>
<!-- Generated by org.testng.reporters.JUnitReportReporter -->
<testsuite hostname="VAPW10000000181" name="com.phoenix.edu.PageCrawling" tests="1" failures="0" timestamp="20 Dec 2016 11:06:12 GMT" time="629.363" errors="0">
  <testcase name="pageCrawling" time="629.363" classname="com.phoenix.edu.PageCrawling"/>
</testsuite> <!-- com.phoenix.edu.PageCrawling -->
