<?xml version="1.0" encoding="UTF-8"?>
<!-- Generated by org.testng.reporters.JUnitReportReporter -->
<testsuite hostname="VAPW10000000181" name="com.phoenix.edu.MultiplePageTest" tests="1" failures="0" timestamp="29 Dec 2016 09:11:59 GMT" time="25.618" errors="0">
  <testcase name="checkMultiplePage" time="25.618" classname="com.phoenix.edu.MultiplePageTest"/>
</testsuite> <!-- com.phoenix.edu.MultiplePageTest -->
