<?xml version="1.0" encoding="UTF-8"?>
<!-- Generated by org.testng.reporters.JUnitReportReporter -->
<testsuite hostname="VAPW10000000181" name="com.phoenix.edu.ForMyReference" tests="1" failures="0" timestamp="28 Nov 2016 12:43:43 GMT" time="36.225" errors="0">
  <testcase name="forMyReference" time="36.225" classname="com.phoenix.edu.ForMyReference"/>
</testsuite> <!-- com.phoenix.edu.ForMyReference -->
