<?xml version="1.0" encoding="UTF-8"?>
<!-- Generated by org.testng.reporters.JUnitReportReporter -->
<testsuite hostname="VAPW10000000181" name="com.phoenix.edu.BrokenLinkVerification" tests="1" failures="0" timestamp="12 Oct 2016 08:52:39 GMT" time="26.354" errors="0">
  <testcase name="brokenLinkVerification" time="26.354" classname="com.phoenix.edu.BrokenLinkVerification"/>
</testsuite> <!-- com.phoenix.edu.BrokenLinkVerification -->
