<?xml version="1.0" encoding="UTF-8"?>
<!-- Generated by org.testng.reporters.JUnitReportReporter -->
<testsuite hostname="VAPW10000000181" name="com.phoenix.edu.ConditionColumn" tests="1" failures="0" timestamp="18 Oct 2016 10:42:43 GMT" time="26.079" errors="0">
  <testcase name="conditionColumn" time="26.079" classname="com.phoenix.edu.ConditionColumn"/>
</testsuite> <!-- com.phoenix.edu.ConditionColumn -->
