<?xml version="1.0" encoding="UTF-8"?>
<!-- Generated by org.testng.reporters.JUnitReportReporter -->
<testsuite hostname="VAPW10000000181" name="com.phoenix.edu.ReadFromExcelSheet" tests="1" failures="0" timestamp="21 Nov 2016 09:49:30 GMT" time="209.342" errors="0">
  <testcase name="readFromExcelSheet" time="209.342" classname="com.phoenix.edu.ReadFromExcelSheet"/>
</testsuite> <!-- com.phoenix.edu.ReadFromExcelSheet -->
