<?xml version="1.0" encoding="UTF-8"?>
<!-- Generated by org.testng.reporters.JUnitReportReporter -->
<testsuite hostname="VAPW10000000181" name="com.phoenix.edu.BaselineComparison" tests="1" failures="0" timestamp="23 Dec 2016 10:37:47 GMT" time="5622.958" errors="0">
  <testcase name="realTimeComparison" time="5622.958" classname="com.phoenix.edu.BaselineComparison"/>
</testsuite> <!-- com.phoenix.edu.BaselineComparison -->
