<?xml version="1.0" encoding="UTF-8"?>
<!-- Generated by org.testng.reporters.JUnitReportReporter -->
<testsuite hostname="VAPW10000000181" name="com.phoenix.edu.SeleniumGridTest" tests="5" failures="0" timestamp="30 Dec 2016 06:51:54 GMT" time="92.892" errors="0">
  <testcase name="test1" time="25.756" classname="com.phoenix.edu.SeleniumGridTest"/>
  <testcase name="test1" time="24.798" classname="com.phoenix.edu.SeleniumGridTest"/>
  <testcase name="test1" time="14.735" classname="com.phoenix.edu.SeleniumGridTest"/>
  <testcase name="test1" time="10.383" classname="com.phoenix.edu.SeleniumGridTest"/>
  <testcase name="test1" time="17.220" classname="com.phoenix.edu.SeleniumGridTest"/>
</testsuite> <!-- com.phoenix.edu.SeleniumGridTest -->
