<?xml version="1.0" encoding="UTF-8"?>
<!-- Generated by org.testng.reporters.JUnitReportReporter -->
<testsuite hostname="VAPW10000000181" name="com.phoenix.edu.WriteToExcel" tests="1" failures="0" timestamp="20 Oct 2016 05:24:24 GMT" time="35.978" errors="0">
  <testcase name="writeToExcel" time="35.978" classname="com.phoenix.edu.WriteToExcel"/>
</testsuite> <!-- com.phoenix.edu.WriteToExcel -->
