<?xml version="1.0" encoding="UTF-8"?>
<!-- Generated by org.testng.reporters.JUnitReportReporter -->
<testsuite hostname="VAPW10000000181" name="com.phoenix.edu.LinkStatus" tests="1" failures="0" timestamp="17 Oct 2016 11:00:05 GMT" time="26.345" errors="0">
  <testcase name="linkStatus" time="26.345" classname="com.phoenix.edu.LinkStatus"/>
</testsuite> <!-- com.phoenix.edu.LinkStatus -->
