<?xml version="1.0" encoding="UTF-8"?>
<!-- Generated by org.testng.reporters.JUnitReportReporter -->
<testsuite hostname="VAPW10000000181" name="com.phoenix.edu.ImageComparison" tests="1" failures="0" timestamp="30 Sep 2016 05:06:12 GMT" time="3.682" errors="0">
  <testcase name="imageComparison" time="3.682" classname="com.phoenix.edu.ImageComparison"/>
</testsuite> <!-- com.phoenix.edu.ImageComparison -->
