<?xml version="1.0" encoding="UTF-8"?>
<!-- Generated by org.testng.reporters.JUnitReportReporter -->
<testsuite hostname="VAPW10000000181" name="com.phoenix.edu.Practice" tests="1" failures="0" timestamp="5 Oct 2016 09:51:10 GMT" time="25.570" errors="0">
  <testcase name="main1" time="25.570" classname="com.phoenix.edu.Practice"/>
</testsuite> <!-- com.phoenix.edu.Practice -->
