<?xml version="1.0" encoding="UTF-8"?>
<!-- Generated by org.testng.reporters.JUnitReportReporter -->
<testsuite hostname="VAPW10000000181" name="com.phoenix.edu.CombineImages" tests="1" failures="0" timestamp="18 Oct 2016 09:55:28 GMT" time="2.173" errors="0">
  <testcase name="mergeImages" time="2.173" classname="com.phoenix.edu.CombineImages"/>
</testsuite> <!-- com.phoenix.edu.CombineImages -->
