<?xml version="1.0" encoding="UTF-8"?>
<!-- Generated by org.testng.reporters.JUnitReportReporter -->
<testsuite hostname="VAPW10000000181" name="com.phoenix.edu.FinalComparison" tests="1" failures="0" timestamp="15 Dec 2016 13:39:24 GMT" time="2108.555" errors="0">
  <testcase name="screenshotInChrome" time="2108.555" classname="com.phoenix.edu.FinalComparison"/>
</testsuite> <!-- com.phoenix.edu.FinalComparison -->
